0 info it worked if it ends with ok
1 verbose cli [ 'C:\\Program Files\\nodejs\\node.exe',
1 verbose cli   'C:\\Program Files\\nodejs\\node_modules\\npm\\bin\\npm-cli.js',
1 verbose cli   'start' ]
2 info using npm@3.3.12
3 info using node@v5.5.0
4 verbose run-script [ 'prestart', 'start', 'poststart' ]
5 info lifecycle translationStudio@1.0.0~prestart: translationStudio@1.0.0
6 silly lifecycle translationStudio@1.0.0~prestart: no script for prestart, continuing
7 info lifecycle translationStudio@1.0.0~start: translationStudio@1.0.0
8 verbose lifecycle translationStudio@1.0.0~start: unsafe-perm in lifecycle true
9 verbose lifecycle translationStudio@1.0.0~start: PATH: C:\Program Files\nodejs\node_modules\npm\bin\node-gyp-bin;C:\Users\Chris\WebstormProjects\ts-desktop\node_modules\.bin;C:\ProgramData\Oracle\Java\javapath;C:\Program Files\Dell\DW WLAN Card;C:\Program Files (x86)\NVIDIA Corporation\PhysX\Common;C:\Program Files (x86)\Intel\iCLS Client\;C:\Program Files\Intel\iCLS Client\;C:\WINDOWS\system32;C:\WINDOWS;C:\WINDOWS\System32\Wbem;C:\WINDOWS\System32\WindowsPowerShell\v1.0\;C:\Program Files\Intel\Intel(R) Management Engine Components\DAL;C:\Program Files (x86)\Intel\Intel(R) Management Engine Components\DAL;C:\Program Files\Intel\Intel(R) Management Engine Components\IPT;C:\Program Files (x86)\Intel\Intel(R) Management Engine Components\IPT;C:\Program Files\WIDCOMM\Bluetooth Software\;C:\Program Files\WIDCOMM\Bluetooth Software\syswow64;C:\Program Files (x86)\Git\cmd;C:\Program Files (x86)\Git\mingw64\bin;C:\Program Files (x86)\Git\usr\bin;C:\Program Files (x86)\Skype\Phone\;C:\Program Files\nodejs\;C:\Users\Chris\AppData\Roaming\npm
10 verbose lifecycle translationStudio@1.0.0~start: CWD: C:\Users\Chris\WebstormProjects\ts-desktop
11 silly lifecycle translationStudio@1.0.0~start: Args: [ '/d /s /c', 'electron src/js/main.js' ]
12 silly lifecycle translationStudio@1.0.0~start: Returned: code: 1  signal: null
13 info lifecycle translationStudio@1.0.0~start: Failed to exec start script
14 verbose stack Error: translationStudio@1.0.0 start: `electron src/js/main.js`
14 verbose stack Exit status 1
14 verbose stack     at EventEmitter.<anonymous> (C:\Program Files\nodejs\node_modules\npm\lib\utils\lifecycle.js:232:16)
14 verbose stack     at emitTwo (events.js:100:13)
14 verbose stack     at EventEmitter.emit (events.js:185:7)
14 verbose stack     at ChildProcess.<anonymous> (C:\Program Files\nodejs\node_modules\npm\lib\utils\spawn.js:24:14)
14 verbose stack     at emitTwo (events.js:100:13)
14 verbose stack     at ChildProcess.emit (events.js:185:7)
14 verbose stack     at maybeClose (internal/child_process.js:821:16)
14 verbose stack     at Process.ChildProcess._handle.onexit (internal/child_process.js:211:5)
15 verbose pkgid translationStudio@1.0.0
16 verbose cwd C:\Users\Chris\WebstormProjects\ts-desktop
17 error Windows_NT 10.0.10586
18 error argv "C:\\Program Files\\nodejs\\node.exe" "C:\\Program Files\\nodejs\\node_modules\\npm\\bin\\npm-cli.js" "start"
19 error node v5.5.0
20 error npm  v3.3.12
21 error code ELIFECYCLE
22 error translationStudio@1.0.0 start: `electron src/js/main.js`
22 error Exit status 1
23 error Failed at the translationStudio@1.0.0 start script 'electron src/js/main.js'.
23 error Make sure you have the latest version of node.js and npm installed.
23 error If you do, this is most likely a problem with the translationStudio package,
23 error not with npm itself.
23 error Tell the author that this fails on your system:
23 error     electron src/js/main.js
23 error You can get their info via:
23 error     npm owner ls translationStudio
23 error There is likely additional logging output above.
24 verbose exit [ 1, true ]
